[03-May-2026 01:20:35 Europe/Berlin] PHP Fatal error:  Maximum execution time of 120 seconds exceeded in C:\xampp\htdocs\dataquest-project\backend\app\Core\NormalizationEngine.php on line 21
[03-May-2026 01:27:18 Europe/Berlin] PHP Fatal error:  Maximum execution time of 120 seconds exceeded in C:\xampp\htdocs\dataquest-project\backend\app\Core\NormalizationEngine.php on line 4
[03-May-2026 01:55:54 Europe/Berlin] PHP Fatal error:  Maximum execution time of 120 seconds exceeded in C:\xampp\htdocs\dataquest-project\backend\app\Core\NormalizationEngine.php on line 30
[03-May-2026 02:43:43 Europe/Berlin] PHP Fatal error:  Maximum execution time of 120 seconds exceeded in C:\xampp\htdocs\dataquest-project\backend\app\Core\NormalizationEngine.php on line 21
[03-May-2026 02:44:50 Europe/Berlin] PHP Fatal error:  Uncaught PDOException: SQLSTATE[23000]: Integrity constraint violation: 1452 Cannot add or update a child row: a foreign key constraint fails (`dataquest`.`logs_sistema`, CONSTRAINT `logs_sistema_ibfk_1` FOREIGN KEY (`user_id`) REFERENCES `users` (`id`) ON DELETE SET NULL) in C:\xampp\htdocs\dataquest-project\backend\app\Models\LogSistema.php:6
Stack trace:
#0 C:\xampp\htdocs\dataquest-project\backend\app\Models\LogSistema.php(6): PDOStatement->execute(Array)
#1 C:\xampp\htdocs\dataquest-project\backend\app\Http\Controllers\ValidationController.php(19): LogSistema::registrar('evento', 'C\xC3\xA1lculo de FN:...', 0)
#2 C:\xampp\htdocs\dataquest-project\backend\routes\api.php(34): ValidationController->getNormalForm(Array)
#3 C:\xampp\htdocs\dataquest-project\backend\routes\api.php(9): {closure}(Array)
#4 C:\xampp\htdocs\dataquest-project\index.php(52): class@anonymous->dispatch('/validation/nor...', 'POST', Array)
#5 {main}
  thrown in C:\xampp\htdocs\dataquest-project\backend\app\Models\LogSistema.php on line 6
[03-May-2026 02:44:55 Europe/Berlin] PHP Fatal error:  Uncaught PDOException: SQLSTATE[23000]: Integrity constraint violation: 1452 Cannot add or update a child row: a foreign key constraint fails (`dataquest`.`logs_sistema`, CONSTRAINT `logs_sistema_ibfk_1` FOREIGN KEY (`user_id`) REFERENCES `users` (`id`) ON DELETE SET NULL) in C:\xampp\htdocs\dataquest-project\backend\app\Models\LogSistema.php:6
Stack trace:
#0 C:\xampp\htdocs\dataquest-project\backend\app\Models\LogSistema.php(6): PDOStatement->execute(Array)
#1 C:\xampp\htdocs\dataquest-project\backend\app\Http\Controllers\ValidationController.php(19): LogSistema::registrar('evento', 'C\xC3\xA1lculo de FN:...', 0)
#2 C:\xampp\htdocs\dataquest-project\backend\routes\api.php(34): ValidationController->getNormalForm(Array)
#3 C:\xampp\htdocs\dataquest-project\backend\routes\api.php(9): {closure}(Array)
#4 C:\xampp\htdocs\dataquest-project\index.php(52): class@anonymous->dispatch('/validation/nor...', 'POST', Array)
#5 {main}
  thrown in C:\xampp\htdocs\dataquest-project\backend\app\Models\LogSistema.php on line 6
[03-May-2026 02:45:07 Europe/Berlin] PHP Fatal error:  Uncaught PDOException: SQLSTATE[23000]: Integrity constraint violation: 1452 Cannot add or update a child row: a foreign key constraint fails (`dataquest`.`logs_sistema`, CONSTRAINT `logs_sistema_ibfk_1` FOREIGN KEY (`user_id`) REFERENCES `users` (`id`) ON DELETE SET NULL) in C:\xampp\htdocs\dataquest-project\backend\app\Models\LogSistema.php:6
Stack trace:
#0 C:\xampp\htdocs\dataquest-project\backend\app\Models\LogSistema.php(6): PDOStatement->execute(Array)
#1 C:\xampp\htdocs\dataquest-project\backend\app\Http\Controllers\ValidationController.php(19): LogSistema::registrar('evento', 'C\xC3\xA1lculo de FN:...', 0)
#2 C:\xampp\htdocs\dataquest-project\backend\routes\api.php(34): ValidationController->getNormalForm(Array)
#3 C:\xampp\htdocs\dataquest-project\backend\routes\api.php(9): {closure}(Array)
#4 C:\xampp\htdocs\dataquest-project\index.php(52): class@anonymous->dispatch('/validation/nor...', 'POST', Array)
#5 {main}
  thrown in C:\xampp\htdocs\dataquest-project\backend\app\Models\LogSistema.php on line 6
[03-May-2026 02:45:38 Europe/Berlin] PHP Fatal error:  Uncaught PDOException: SQLSTATE[23000]: Integrity constraint violation: 1452 Cannot add or update a child row: a foreign key constraint fails (`dataquest`.`logs_sistema`, CONSTRAINT `logs_sistema_ibfk_1` FOREIGN KEY (`user_id`) REFERENCES `users` (`id`) ON DELETE SET NULL) in C:\xampp\htdocs\dataquest-project\backend\app\Models\LogSistema.php:6
Stack trace:
#0 C:\xampp\htdocs\dataquest-project\backend\app\Models\LogSistema.php(6): PDOStatement->execute(Array)
#1 C:\xampp\htdocs\dataquest-project\backend\app\Http\Controllers\ValidationController.php(19): LogSistema::registrar('evento', 'C\xC3\xA1lculo de FN:...', 0)
#2 C:\xampp\htdocs\dataquest-project\backend\routes\api.php(34): ValidationController->getNormalForm(Array)
#3 C:\xampp\htdocs\dataquest-project\backend\routes\api.php(9): {closure}(Array)
#4 C:\xampp\htdocs\dataquest-project\index.php(52): class@anonymous->dispatch('/validation/nor...', 'POST', Array)
#5 {main}
  thrown in C:\xampp\htdocs\dataquest-project\backend\app\Models\LogSistema.php on line 6
[03-May-2026 02:49:44 Europe/Berlin] PHP Fatal error:  Uncaught PDOException: SQLSTATE[23000]: Integrity constraint violation: 1452 Cannot add or update a child row: a foreign key constraint fails (`dataquest`.`logs_sistema`, CONSTRAINT `logs_sistema_ibfk_1` FOREIGN KEY (`user_id`) REFERENCES `users` (`id`) ON DELETE SET NULL) in C:\xampp\htdocs\dataquest-project\backend\app\Models\LogSistema.php:6
Stack trace:
#0 C:\xampp\htdocs\dataquest-project\backend\app\Models\LogSistema.php(6): PDOStatement->execute(Array)
#1 C:\xampp\htdocs\dataquest-project\backend\app\Http\Controllers\ValidationController.php(19): LogSistema::registrar('evento', 'C\xC3\xA1lculo de FN:...', 0)
#2 C:\xampp\htdocs\dataquest-project\backend\routes\api.php(34): ValidationController->getNormalForm(Array)
#3 C:\xampp\htdocs\dataquest-project\backend\routes\api.php(9): {closure}(Array)
#4 C:\xampp\htdocs\dataquest-project\index.php(52): class@anonymous->dispatch('/validation/nor...', 'POST', Array)
#5 {main}
  thrown in C:\xampp\htdocs\dataquest-project\backend\app\Models\LogSistema.php on line 6
